|--- feature_27 <= 0.14
|   |--- feature_20 <= 17.72
|   |   |--- feature_27 <= 0.11
|   |   |   |--- feature_29 <= 0.06
|   |   |   |   |--- class: 0
|   |   |   |--- feature_29 >  0.06
|   |   |   |   |--- feature_21 <= 33.35
|   |   |   |   |   |--- class: 1
|   |   |   |   |--- feature_21 >  33.35
|   |   |   |   |   |--- feature_21 <= 33.56
|   |   |   |   |   |   |--- class: 0
|   |   |   |   |   |--- feature_21 >  33.56
|   |   |   |   |   |   |--- class: 1
|   |   |--- feature_27 >  0.11
|   |   |   |--- feature_21 <= 33.23
|   |   |   |   |--- feature_9 <= 0.06
|   |   |   |   |   |--- class: 0
|   |   |   |   |--- feature_9 >  0.06
|   |   |   |   |   |--- feature_13 <= 33.94
|   |   |   |   |   |   |--- class: 1
|   |   |   |   |   |--- feature_13 >  33.94
|   |   |   |   |   |   |--- feature_23 <= 794.30
|   |   |   |   |   |   |   |--- class: 1
|   |   |   |   |   |   |--- feature_23 >  794.30
|   |   |   |   |   |   |   |--- class: 0
|   |   |   |--- feature_21 >  33.23
|   |   |   |   |--- class: 0
|   |--- feature_20 >  17.72
|   |   |--- feature_26 <= 0.20
|   |   |   |--- feature_20 <= 18.70
|   |   |   |   |--- class: 1
|   |   |   |--- feature_20 >  18.70
|   |   |   |   |--- class: 0
|   |   |--- feature_26 >  0.20
|   |   |   |--- class: 0
|--- feature_27 >  0.14
|   |--- feature_23 <= 724.70
|   |   |--- feature_4 <= 0.11
|   |   |   |--- class: 1
|   |   |--- feature_4 >  0.11
|   |   |   |--- class: 0
|   |--- feature_23 >  724.70
|   |   |--- feature_10 <= 0.24
|   |   |   |--- feature_24 <= 0.14
|   |   |   |   |--- class: 1
|   |   |   |--- feature_24 >  0.14
|   |   |   |   |--- class: 0
|   |   |--- feature_10 >  0.24
|   |   |   |--- class: 0
